[debug] [2023-01-06T15:53:05.287Z] ----------------------------------------------------------------------
[debug] [2023-01-06T15:53:05.288Z] Command:       C:\Program Files\nodejs\node.exe C:\Users\Usuario\AppData\Roaming\npm\node_modules\firebase-tools\lib\bin\firebase.js deploy
[debug] [2023-01-06T15:53:05.289Z] CLI Version:   11.20.0
[debug] [2023-01-06T15:53:05.289Z] Platform:      win32
[debug] [2023-01-06T15:53:05.289Z] Node Version:  v16.15.0
[debug] [2023-01-06T15:53:05.289Z] Time:          Fri Jan 06 2023 12:53:05 GMT-0300 (hora estándar de Argentina)
[debug] [2023-01-06T15:53:05.290Z] ----------------------------------------------------------------------
[debug] 
[debug] [2023-01-06T15:53:05.340Z] > command requires scopes: ["email","openid","https://www.googleapis.com/auth/cloudplatformprojects.readonly","https://www.googleapis.com/auth/firebase","https://www.googleapis.com/auth/cloud-platform"]
[debug] [2023-01-06T15:53:05.341Z] > authorizing via signed-in user (victordanielsalvatierra6@gmail.com)
[debug] [2023-01-06T15:53:05.341Z] [iam] checking project portfolio-8d6ba for permissions ["firebase.projects.get","firebasehosting.sites.update"]
[debug] [2023-01-06T15:53:05.342Z] > refreshing access token with scopes: []
[debug] [2023-01-06T15:53:05.344Z] >>> [apiv2][query] POST https://www.googleapis.com/oauth2/v3/token [none]
[debug] [2023-01-06T15:53:05.344Z] >>> [apiv2][body] POST https://www.googleapis.com/oauth2/v3/token [omitted]
[debug] [2023-01-06T15:53:05.616Z] <<< [apiv2][status] POST https://www.googleapis.com/oauth2/v3/token 400
[debug] [2023-01-06T15:53:05.616Z] <<< [apiv2][body] POST https://www.googleapis.com/oauth2/v3/token [omitted]
[debug] [2023-01-06T15:53:05.617Z] >>> [apiv2][query] POST https://cloudresourcemanager.googleapis.com/v1/projects/portfolio-8d6ba:testIamPermissions [none]
[debug] [2023-01-06T15:53:05.617Z] >>> [apiv2][(partial)header] POST https://cloudresourcemanager.googleapis.com/v1/projects/portfolio-8d6ba:testIamPermissions x-goog-quota-user=projects/portfolio-8d6ba
[debug] [2023-01-06T15:53:05.617Z] >>> [apiv2][body] POST https://cloudresourcemanager.googleapis.com/v1/projects/portfolio-8d6ba:testIamPermissions {"permissions":["firebase.projects.get","firebasehosting.sites.update"]}
[debug] [2023-01-06T15:53:06.551Z] <<< [apiv2][status] POST https://cloudresourcemanager.googleapis.com/v1/projects/portfolio-8d6ba:testIamPermissions 401
[debug] [2023-01-06T15:53:06.551Z] <<< [apiv2][body] POST https://cloudresourcemanager.googleapis.com/v1/projects/portfolio-8d6ba:testIamPermissions {"error":{"code":401,"message":"Request had invalid authentication credentials. Expected OAuth 2 access token, login cookie or other valid authentication credential. See https://developers.google.com/identity/sign-in/web/devconsole-project.","status":"UNAUTHENTICATED","details":[{"@type":"type.googleapis.com/google.rpc.ErrorInfo","reason":"ACCESS_TOKEN_TYPE_UNSUPPORTED","metadata":{"service":"cloudresourcemanager.googleapis.com","method":"google.cloudresourcemanager.v1.Projects.TestIamPermissions"}}]}}
[debug] [2023-01-06T15:53:06.552Z] [iam] error while checking permissions, command may fail: FirebaseError: HTTP Error: 401, Request had invalid authentication credentials. Expected OAuth 2 access token, login cookie or other valid authentication credential. See https://developers.google.com/identity/sign-in/web/devconsole-project.
[debug] [2023-01-06T15:53:06.552Z] > refreshing access token with scopes: []
[debug] [2023-01-06T15:53:06.553Z] >>> [apiv2][query] POST https://www.googleapis.com/oauth2/v3/token [none]
[debug] [2023-01-06T15:53:06.553Z] >>> [apiv2][body] POST https://www.googleapis.com/oauth2/v3/token [omitted]
[debug] [2023-01-06T15:53:07.363Z] <<< [apiv2][status] POST https://www.googleapis.com/oauth2/v3/token 400
[debug] [2023-01-06T15:53:07.363Z] <<< [apiv2][body] POST https://www.googleapis.com/oauth2/v3/token [omitted]
[debug] [2023-01-06T15:53:07.364Z] >>> [apiv2][query] GET https://firebase.googleapis.com/v1beta1/projects/portfolio-8d6ba [none]
[debug] [2023-01-06T15:53:07.596Z] <<< [apiv2][status] GET https://firebase.googleapis.com/v1beta1/projects/portfolio-8d6ba 401
[debug] [2023-01-06T15:53:07.597Z] <<< [apiv2][body] GET https://firebase.googleapis.com/v1beta1/projects/portfolio-8d6ba {"error":{"code":401,"message":"Request had invalid authentication credentials. Expected OAuth 2 access token, login cookie or other valid authentication credential. See https://developers.google.com/identity/sign-in/web/devconsole-project.","status":"UNAUTHENTICATED"}}
[debug] [2023-01-06T15:53:07.597Z] HTTP Error: 401, Request had invalid authentication credentials. Expected OAuth 2 access token, login cookie or other valid authentication credential. See https://developers.google.com/identity/sign-in/web/devconsole-project.
[debug] [2023-01-06T15:53:07.826Z] FirebaseError: HTTP Error: 401, Request had invalid authentication credentials. Expected OAuth 2 access token, login cookie or other valid authentication credential. See https://developers.google.com/identity/sign-in/web/devconsole-project.
    at responseToError (C:\Users\Usuario\AppData\Roaming\npm\node_modules\firebase-tools\lib\responseToError.js:49:12)
    at RetryOperation._fn (C:\Users\Usuario\AppData\Roaming\npm\node_modules\firebase-tools\lib\apiv2.js:288:77)
    at processTicksAndRejections (node:internal/process/task_queues:96:5)
[error] 
[error] Error: Failed to get Firebase project portfolio-8d6ba. Please make sure the project exists and your account has permission to access it.
